<?xml version="1.0" encoding="UTF-8"?>
<testsuite xmlns:xsi="http://www.w3.org/2001/XMLSchema-instance" xsi:noNamespaceSchemaLocation="https://maven.apache.org/surefire/maven-surefire-plugin/xsd/surefire-test-report.xsd" name="it.polito.po.test.TestR2_Friends" time="3.659" tests="5" errors="0" skipped="0" failures="0">
  <properties>
[...]
</properties>
  <testcase name="testR24FriendshipNotExistingCode2" classname="it.polito.po.test.TestR2_Friends" time="0.012"/>
  <testcase name="testR25FriendshipNull" classname="it.polito.po.test.TestR2_Friends" time="0.001"/>
  <testcase name="testR21Friendship" classname="it.polito.po.test.TestR2_Friends" time="0.001"/>
  <testcase name="testR23FriendshipNotExistingCode" classname="it.polito.po.test.TestR2_Friends" time="0"/>
  <testcase name="testR22TwoWayFriendship" classname="it.polito.po.test.TestR2_Friends" time="0.021"/>
</testsuite>